<?xml version="1.0" encoding="UTF-8"?>
<!-- Generated by org.testng.reporters.JUnitReportReporter -->
<testsuite hostname="DESKTOP-M1D6KC3" failures="0" tests="1" name="testrunner.TestrunGallery" time="13.325" errors="0" timestamp="2024-10-22T17:12:58 IST" skipped="0">
  <testcase classname="testrunner.TestrunGallery" name="runScenario" time="13.325"/>
  <system-out/>
</testsuite> <!-- testrunner.TestrunGallery -->
